d:\razrabotka\c++\projects\culinarybook\debug\vc142.pdb
d:\razrabotka\c++\projects\culinarybook\debug\.netframework,version=v4.7.2.assemblyattributes.obj
d:\razrabotka\c++\projects\culinarybook\debug\myform.obj
d:\razrabotka\c++\projects\culinarybook\debug\hash.obj
d:\razrabotka\c++\projects\culinarybook\debug\myform2.obj
d:\razrabotka\c++\projects\culinarybook\debug\myform11.obj
d:\razrabotka\c++\projects\culinarybook\debug\culinarybook.myform.resources
d:\razrabotka\c++\projects\culinarybook\debug\culinarybook.myform2.resources
d:\razrabotka\c++\projects\culinarybook\debug\culinarybook.myform2.az.resources
d:\razrabotka\c++\projects\culinarybook\debug\culinarybook.myform2.ru.resources
d:\razrabotka\c++\projects\culinarybook\debug\az\culinarybook.resources.dll
d:\razrabotka\c++\projects\culinarybook\debug\ru\culinarybook.resources.dll
d:\razrabotka\c++\projects\culinarybook\debug\culinarybook.myform11.resources
d:\razrabotka\c++\projects\culinarybook\debug\culinarybook.exe
d:\razrabotka\c++\projects\culinarybook\debug\culinarybook.pdb
d:\razrabotka\c++\projects\culinarybook\debug\culinarybook.exe.metagen
d:\razrabotka\c++\projects\culinarybook\debug\culinarybook.tlog\cl.command.1.tlog
d:\razrabotka\c++\projects\culinarybook\debug\culinarybook.tlog\cl.read.1.tlog
d:\razrabotka\c++\projects\culinarybook\debug\culinarybook.tlog\cl.write.1.tlog
d:\razrabotka\c++\projects\culinarybook\debug\culinarybook.tlog\culinarybook.write.1u.tlog
d:\razrabotka\c++\projects\culinarybook\debug\culinarybook.tlog\link.command.1.tlog
d:\razrabotka\c++\projects\culinarybook\debug\culinarybook.tlog\link.read.1.tlog
d:\razrabotka\c++\projects\culinarybook\debug\culinarybook.tlog\link.write.1.tlog
d:\razrabotka\c++\projects\culinarybook\debug\culinarybook.tlog\metagen.read.1.tlog
d:\razrabotka\c++\projects\culinarybook\debug\culinarybook.tlog\metagen.write.1.tlog
